Performing C++ SOURCE FILE Test HAVE_CXX_FLAG_WSHORTEN_64_TO_32 failed with the following output:
Change Dir: /home/rafayel/thesis/Simulator/cmake-build-debug/CMakeFiles/CMakeTmp

Run Build Command(s):/usr/bin/gmake -f Makefile cmTC_87a54/fast && /usr/bin/gmake  -f CMakeFiles/cmTC_87a54.dir/build.make CMakeFiles/cmTC_87a54.dir/build
gmake[1]: Entering directory '/home/rafayel/thesis/Simulator/cmake-build-debug/CMakeFiles/CMakeTmp'
Building CXX object CMakeFiles/cmTC_87a54.dir/src.cxx.o
/usr/bin/c++ -DHAVE_CXX_FLAG_WSHORTEN_64_TO_32  -g -fsanitize=undefined,address -Wall -Wextra -Werror -Wno-register  -Wall  -Wextra  -Wshadow  -Wfloat-equal  -Wold-style-cast  -Wconversion  -Werror  -pedantic  -pedantic-errors  -Wshorten-64-to-32   -Wshorten-64-to-32 -std=c++11 -o CMakeFiles/cmTC_87a54.dir/src.cxx.o -c /home/rafayel/thesis/Simulator/cmake-build-debug/CMakeFiles/CMakeTmp/src.cxx
c++: error: unrecognized command-line option '-Wshorten-64-to-32'
c++: error: unrecognized command-line option '-Wshorten-64-to-32'
gmake[1]: *** [CMakeFiles/cmTC_87a54.dir/build.make:78: CMakeFiles/cmTC_87a54.dir/src.cxx.o] Error 1
gmake[1]: Leaving directory '/home/rafayel/thesis/Simulator/cmake-build-debug/CMakeFiles/CMakeTmp'
gmake: *** [Makefile:127: cmTC_87a54/fast] Error 2


Source file was:
int main() { return 0; }
Performing C++ SOURCE FILE Test HAVE_CXX_FLAG_WD654 failed with the following output:
Change Dir: /home/rafayel/thesis/Simulator/cmake-build-debug/CMakeFiles/CMakeTmp

Run Build Command(s):/usr/bin/gmake -f Makefile cmTC_a976c/fast && /usr/bin/gmake  -f CMakeFiles/cmTC_a976c.dir/build.make CMakeFiles/cmTC_a976c.dir/build
gmake[1]: Entering directory '/home/rafayel/thesis/Simulator/cmake-build-debug/CMakeFiles/CMakeTmp'
Building CXX object CMakeFiles/cmTC_a976c.dir/src.cxx.o
/usr/bin/c++ -DHAVE_CXX_FLAG_WD654  -g -fsanitize=undefined,address -Wall -Wextra -Werror -Wno-register  -Wall  -Wextra  -Wshadow  -Wfloat-equal  -Wold-style-cast  -Wconversion  -Werror  -pedantic  -pedantic-errors  -fstrict-aliasing  -Wno-deprecated-declarations  -Wno-deprecated  -Wstrict-aliasing  -wd654   -wd654 -std=c++11 -o CMakeFiles/cmTC_a976c.dir/src.cxx.o -c /home/rafayel/thesis/Simulator/cmake-build-debug/CMakeFiles/CMakeTmp/src.cxx
c++: error: unrecognized command-line option '-wd654'
c++: error: unrecognized command-line option '-wd654'
gmake[1]: *** [CMakeFiles/cmTC_a976c.dir/build.make:78: CMakeFiles/cmTC_a976c.dir/src.cxx.o] Error 1
gmake[1]: Leaving directory '/home/rafayel/thesis/Simulator/cmake-build-debug/CMakeFiles/CMakeTmp'
gmake: *** [Makefile:127: cmTC_a976c/fast] Error 2


Source file was:
int main() { return 0; }
Performing C++ SOURCE FILE Test HAVE_CXX_FLAG_WTHREAD_SAFETY failed with the following output:
Change Dir: /home/rafayel/thesis/Simulator/cmake-build-debug/CMakeFiles/CMakeTmp

Run Build Command(s):/usr/bin/gmake -f Makefile cmTC_2585a/fast && /usr/bin/gmake  -f CMakeFiles/cmTC_2585a.dir/build.make CMakeFiles/cmTC_2585a.dir/build
gmake[1]: Entering directory '/home/rafayel/thesis/Simulator/cmake-build-debug/CMakeFiles/CMakeTmp'
Building CXX object CMakeFiles/cmTC_2585a.dir/src.cxx.o
/usr/bin/c++ -DHAVE_CXX_FLAG_WTHREAD_SAFETY  -g -fsanitize=undefined,address -Wall -Wextra -Werror -Wno-register  -Wall  -Wextra  -Wshadow  -Wfloat-equal  -Wold-style-cast  -Wconversion  -Werror  -pedantic  -pedantic-errors  -fstrict-aliasing  -Wno-deprecated-declarations  -Wno-deprecated  -Wstrict-aliasing  -Wthread-safety   -Wthread-safety -std=c++11 -o CMakeFiles/cmTC_2585a.dir/src.cxx.o -c /home/rafayel/thesis/Simulator/cmake-build-debug/CMakeFiles/CMakeTmp/src.cxx
c++: error: unrecognized command-line option '-Wthread-safety'
c++: error: unrecognized command-line option '-Wthread-safety'
gmake[1]: *** [CMakeFiles/cmTC_2585a.dir/build.make:78: CMakeFiles/cmTC_2585a.dir/src.cxx.o] Error 1
gmake[1]: Leaving directory '/home/rafayel/thesis/Simulator/cmake-build-debug/CMakeFiles/CMakeTmp'
gmake: *** [Makefile:127: cmTC_2585a/fast] Error 2


Source file was:
int main() { return 0; }
